生成启动时间为 8/28/2015 11:37:06 AM。
     1>项目“C:\Users\Administrator\testgithub\PEPPPI\ProteinPeptideMassForLinux\ProteinPeptideMassForLinux.vcxproj”在节点 2 上(Build 个目标)。
     1>ClCompile:
         C:\Program Files (x86)\Microsoft Visual Studio 11.0\VC\bin\CL.exe /c /I"F:\开发工具\eigen" /Zi /nologo /W3 /WX- /sdl /O2 /Oi /Oy- /GL /D WIN32 /D NDEBUG /D _CONSOLE /D _UNICODE /D UNICODE /Gm- /EHsc /MD /GS /Gy /fp:precise /Zc:wchar_t /Zc:forScope /Yu"stdafx.h" /Fp"Release\ProteinPeptideMassForLinux.pch" /Fo"Release\\" /Fd"Release\vc110.pdb" /Gd /TP /analyze- /errorReport:prompt ProteinPeptideMassForLinux.cpp
         ProteinPeptideMassForLinux.cpp
     1>ProteinPeptideMassForLinux.cpp(79): warning C4018: “<”: 有符号/无符号不匹配
     1>ProteinPeptideMassForLinux.cpp(81): warning C4018: “<”: 有符号/无符号不匹配
     1>ProteinPeptideMassForLinux.cpp(96): warning C4018: “<”: 有符号/无符号不匹配
     1>ProteinPeptideMassForLinux.cpp(113): warning C4018: “<”: 有符号/无符号不匹配
     1>ProteinPeptideMassForLinux.cpp(127): warning C4018: “<”: 有符号/无符号不匹配
     1>ProteinPeptideMassForLinux.cpp(187): warning C4018: “<”: 有符号/无符号不匹配
     1>ProteinPeptideMassForLinux.cpp(193): warning C4018: “<”: 有符号/无符号不匹配
     1>ProteinPeptideMassForLinux.cpp(210): warning C4018: “<”: 有符号/无符号不匹配
       Link:
         C:\Program Files (x86)\Microsoft Visual Studio 11.0\VC\bin\link.exe /ERRORREPORT:PROMPT /OUT:"C:\Users\Administrator\testgithub\PEPPPI\Release\ProteinPeptideMassForLinux.exe" /INCREMENTAL:NO /NOLOGO kernel32.lib user32.lib gdi32.lib winspool.lib comdlg32.lib advapi32.lib shell32.lib ole32.lib oleaut32.lib uuid.lib odbc32.lib odbccp32.lib /MANIFEST /MANIFESTUAC:"level='asInvoker' uiAccess='false'" /manifest:embed /DEBUG /PDB:"C:\Users\Administrator\testgithub\PEPPPI\Release\ProteinPeptideMassForLinux.pdb" /SUBSYSTEM:CONSOLE /OPT:REF /OPT:ICF /LTCG /TLBID:1 /DYNAMICBASE /NXCOMPAT /IMPLIB:"C:\Users\Administrator\testgithub\PEPPPI\Release\ProteinPeptideMassForLinux.lib" /MACHINE:X86 /SAFESEH Release\AminoAcidWeight.obj
         Release\CalculateProteinProbability.obj
         Release\CalProteinProbLogisticRegression.obj
         Release\CalProteinProbShareEqual.obj
         Release\CalProteinProbSiblingSP.obj
         Release\CalProteinProbUnique.obj
         Release\Config.obj
         Release\EnzymeProteinPeptide.obj
         Release\ListMassPeptideXcorr.obj
         Release\PeptideProtein.obj
         Release\PeptideTools.obj
         Release\PPI.obj
         Release\Protein.obj
         Release\ProteinPeptideMassForLinux.obj
         Release\ProteinSequence.obj
         Release\Qvalue.obj
         Release\stdafx.obj
         正在生成代码
         已完成代码的生成
         ProteinPeptideMassForLinux.vcxproj -> C:\Users\Administrator\testgithub\PEPPPI\Release\ProteinPeptideMassForLinux.exe
     1>已完成生成项目“C:\Users\Administrator\testgithub\PEPPPI\ProteinPeptideMassForLinux\ProteinPeptideMassForLinux.vcxproj”(Build 个目标)的操作。

生成成功。

已用时间 00:00:03.81
