C:\USERS\ADMINISTRATOR\TESTGITHUB\PEPPPI\PROTEINPEPTIDEMASSFORLINUX\RELEASE\PROTEINPEPTIDEMASSFORLINUX.PCH
C:\USERS\ADMINISTRATOR\TESTGITHUB\PEPPPI\PROTEINPEPTIDEMASSFORLINUX\RELEASE\STDAFX.OBJ
C:\USERS\ADMINISTRATOR\TESTGITHUB\PEPPPI\PROTEINPEPTIDEMASSFORLINUX\RELEASE\VC110.PDB
C:\USERS\ADMINISTRATOR\TESTGITHUB\PEPPPI\PROTEINPEPTIDEMASSFORLINUX\RELEASE\QVALUE.OBJ
C:\USERS\ADMINISTRATOR\TESTGITHUB\PEPPPI\PROTEINPEPTIDEMASSFORLINUX\RELEASE\PROTEINSEQUENCE.OBJ
C:\USERS\ADMINISTRATOR\TESTGITHUB\PEPPPI\PROTEINPEPTIDEMASSFORLINUX\RELEASE\PROTEINPEPTIDEMASSFORLINUX.OBJ
C:\USERS\ADMINISTRATOR\TESTGITHUB\PEPPPI\PROTEINPEPTIDEMASSFORLINUX\RELEASE\PROTEIN.OBJ
C:\USERS\ADMINISTRATOR\TESTGITHUB\PEPPPI\PROTEINPEPTIDEMASSFORLINUX\RELEASE\PPI.OBJ
C:\USERS\ADMINISTRATOR\TESTGITHUB\PEPPPI\PROTEINPEPTIDEMASSFORLINUX\RELEASE\PEPTIDETOOLS.OBJ
C:\USERS\ADMINISTRATOR\TESTGITHUB\PEPPPI\PROTEINPEPTIDEMASSFORLINUX\RELEASE\PEPTIDEPROTEIN.OBJ
C:\USERS\ADMINISTRATOR\TESTGITHUB\PEPPPI\PROTEINPEPTIDEMASSFORLINUX\RELEASE\LISTMASSPEPTIDEXCORR.OBJ
C:\USERS\ADMINISTRATOR\TESTGITHUB\PEPPPI\PROTEINPEPTIDEMASSFORLINUX\RELEASE\ENZYMEPROTEINPEPTIDE.OBJ
C:\USERS\ADMINISTRATOR\TESTGITHUB\PEPPPI\PROTEINPEPTIDEMASSFORLINUX\RELEASE\CONFIG.OBJ
C:\USERS\ADMINISTRATOR\TESTGITHUB\PEPPPI\PROTEINPEPTIDEMASSFORLINUX\RELEASE\CALPROTEINPROBUNIQUE.OBJ
C:\USERS\ADMINISTRATOR\TESTGITHUB\PEPPPI\PROTEINPEPTIDEMASSFORLINUX\RELEASE\CALPROTEINPROBSIBLINGSP.OBJ
C:\USERS\ADMINISTRATOR\TESTGITHUB\PEPPPI\PROTEINPEPTIDEMASSFORLINUX\RELEASE\CALPROTEINPROBSHAREEQUAL.OBJ
C:\USERS\ADMINISTRATOR\TESTGITHUB\PEPPPI\PROTEINPEPTIDEMASSFORLINUX\RELEASE\CALPROTEINPROBLOGISTICREGRESSION.OBJ
C:\USERS\ADMINISTRATOR\TESTGITHUB\PEPPPI\PROTEINPEPTIDEMASSFORLINUX\RELEASE\CALCULATEPROTEINPROBABILITY.OBJ
C:\USERS\ADMINISTRATOR\TESTGITHUB\PEPPPI\PROTEINPEPTIDEMASSFORLINUX\RELEASE\AMINOACIDWEIGHT.OBJ
C:\Users\Administrator\testgithub\PEPPPI\ProteinPeptideMassForLinux\Release\AminoAcidWeight.obj
C:\Users\Administrator\testgithub\PEPPPI\ProteinPeptideMassForLinux\Release\CalculateProteinProbability.obj
C:\Users\Administrator\testgithub\PEPPPI\ProteinPeptideMassForLinux\Release\CalProteinProbLogisticRegression.obj
C:\Users\Administrator\testgithub\PEPPPI\ProteinPeptideMassForLinux\Release\CalProteinProbShareEqual.obj
C:\Users\Administrator\testgithub\PEPPPI\ProteinPeptideMassForLinux\Release\CalProteinProbSiblingSP.obj
C:\Users\Administrator\testgithub\PEPPPI\ProteinPeptideMassForLinux\Release\CalProteinProbUnique.obj
C:\Users\Administrator\testgithub\PEPPPI\ProteinPeptideMassForLinux\Release\Config.obj
C:\Users\Administrator\testgithub\PEPPPI\ProteinPeptideMassForLinux\Release\EnzymeProteinPeptide.obj
C:\Users\Administrator\testgithub\PEPPPI\ProteinPeptideMassForLinux\Release\ListMassPeptideXcorr.obj
C:\Users\Administrator\testgithub\PEPPPI\ProteinPeptideMassForLinux\Release\PeptideProtein.obj
C:\Users\Administrator\testgithub\PEPPPI\ProteinPeptideMassForLinux\Release\PeptideTools.obj
C:\Users\Administrator\testgithub\PEPPPI\ProteinPeptideMassForLinux\Release\PPI.obj
C:\Users\Administrator\testgithub\PEPPPI\ProteinPeptideMassForLinux\Release\Protein.obj
C:\Users\Administrator\testgithub\PEPPPI\ProteinPeptideMassForLinux\Release\ProteinPeptideMassForLinux.obj
C:\Users\Administrator\testgithub\PEPPPI\ProteinPeptideMassForLinux\Release\ProteinSequence.obj
C:\Users\Administrator\testgithub\PEPPPI\ProteinPeptideMassForLinux\Release\Qvalue.obj
C:\Users\Administrator\testgithub\PEPPPI\ProteinPeptideMassForLinux\Release\stdafx.obj
C:\Users\Administrator\testgithub\PEPPPI\ProteinPeptideMassForLinux\Release\cl.command.1.tlog
C:\Users\Administrator\testgithub\PEPPPI\ProteinPeptideMassForLinux\Release\CL.read.1.tlog
C:\Users\Administrator\testgithub\PEPPPI\ProteinPeptideMassForLinux\Release\CL.write.1.tlog
C:\Users\Administrator\testgithub\PEPPPI\ProteinPeptideMassForLinux\Release\link.command.1.tlog
C:\Users\Administrator\testgithub\PEPPPI\ProteinPeptideMassForLinux\Release\link.read.1.tlog
C:\Users\Administrator\testgithub\PEPPPI\ProteinPeptideMassForLinux\Release\link.write.1.tlog
C:\Users\Administrator\testgithub\PEPPPI\ProteinPeptideMassForLinux\Release\ProteinPeptideMassForLinux.pch
C:\Users\Administrator\testgithub\PEPPPI\ProteinPeptideMassForLinux\Release\vc110.pdb
